<?xml version="1.0" encoding="UTF-8"?>
<testsuite name="mockito.MockitoTest" tests="1" skipped="0" failures="0" errors="0" timestamp="2020-04-06T17:24:56" hostname="SUBE-DELL" time="4.43">
  <properties/>
  <testcase name="customerReaderTest" classname="mockito.MockitoTest" time="4.43"/>
  <system-out><![CDATA[]]></system-out>
  <system-err><![CDATA[]]></system-err>
</testsuite>
